[00:30:39 05122019]  scripts = High_Performance_Throughput.scr
[00:30:39 05122019]  protocols = TCP
[00:30:39 05122019]  chariot_path = D:\Program Files\Ixia\IxChariot
[00:30:39 05122019]  timeout = 5
[00:30:39 05122019]  test_duration = 10
[00:30:39 05122019]  paircount = 4
[00:30:39 05122019]  dut_modelname = DD
[00:30:39 05122019]  dut_fwver = 1.05
[00:30:39 05122019]  dut_hwver = A1
[00:30:39 05122019]  192.168.1.1 alive
[00:30:39 05122019]  dut_wan_ipaddr = 10.0.0.1
[00:30:39 05122019]  wlan_ep_ipaddr = 192.168.0.101
[00:30:39 05122019]  wan_ep_ipaddr = 10.0.0.2
[00:30:39 05122019]  dut_lan_ipaddr = 192.168.0.1
[00:30:39 05122019]  lan_ep_ipaddr = 192.168.0.102
[00:30:39 05122019]  wlan_modelname = AC8260
[00:30:39 05122019]  thruput_11ac_avg = 500
[00:30:39 05122019]  thruput_11n_avg = 300
[00:30:41 05122019]  DD_1.05_A1_AC8260_11ac_LAN2WLAN_003041_05122019.tst
[00:32:32 05122019]  scripts = High_Performance_Throughput.scr
[00:32:32 05122019]  protocols = TCP
[00:32:32 05122019]  chariot_path = C:\Program Files (x86)\Ixia\IxChariot
[00:32:32 05122019]  timeout = 5
[00:32:32 05122019]  test_duration = 10
[00:32:32 05122019]  paircount = 4
[00:32:32 05122019]  dut_modelname = DD
[00:32:32 05122019]  dut_fwver = 1.05
[00:32:33 05122019]  dut_hwver = A1
[00:32:33 05122019]  192.168.1.1 alive
[00:32:33 05122019]  dut_wan_ipaddr = 10.0.0.1
[00:32:33 05122019]  wlan_ep_ipaddr = 192.168.0.101
[00:32:33 05122019]  wan_ep_ipaddr = 10.0.0.2
[00:32:33 05122019]  dut_lan_ipaddr = 192.168.0.1
[00:32:33 05122019]  lan_ep_ipaddr = 192.168.0.102
[00:32:33 05122019]  wlan_modelname = AC8260
[00:32:33 05122019]  thruput_11ac_avg = 500
[00:32:33 05122019]  thruput_11n_avg = 300
[00:32:38 05122019]  DD_1.05_A1_AC8260_11ac_LAN2WLAN_003238_05122019.tst
[00:32:38 05122019]  Waiting 1 seconds.
[00:32:39 05122019]  DD_1.05_A1_AC8260_11ac_WLAN2LAN_003238_05122019.tst
[00:32:39 05122019]  DD_1.05_A1_AC8260_11ac_LAN2WLAN_003238_05122019.tstDD_1.05_A1_AC8260_11ac_LAN2WLAN_003239_05122019.tst
[00:32:39 05122019]  Waiting 1 seconds.
[00:32:40 05122019]  DD_1.05_A1_AC8260_11ac_WLAN2LAN_003238_05122019.tstDD_1.05_A1_AC8260_11ac_WLAN2LAN_003239_05122019.tst
[00:32:40 05122019]  DD_1.05_A1_AC8260_11ac_LAN2WLAN_003238_05122019.tstDD_1.05_A1_AC8260_11ac_LAN2WLAN_003239_05122019.tstDD_1.05_A1_AC8260_11ac_LAN2WLAN_003240_05122019.tst
[00:32:40 05122019]  Waiting 1 seconds.
[00:32:41 05122019]  DD_1.05_A1_AC8260_11ac_WLAN2LAN_003238_05122019.tstDD_1.05_A1_AC8260_11ac_WLAN2LAN_003239_05122019.tstDD_1.05_A1_AC8260_11ac_WLAN2LAN_003240_05122019.tst
[00:32:42 05122019]  DD_1.05_A1_AC8260_11ac_LAN2WLAN_003238_05122019.tstDD_1.05_A1_AC8260_11ac_LAN2WLAN_003239_05122019.tstDD_1.05_A1_AC8260_11ac_LAN2WLAN_003240_05122019.tstDD_1.05_A1_AC8260_11ac_LAN2WLAN_003242_05122019.tst
[00:32:42 05122019]  Waiting 1 seconds.
[00:32:43 05122019]  DD_1.05_A1_AC8260_11ac_WLAN2LAN_003238_05122019.tstDD_1.05_A1_AC8260_11ac_WLAN2LAN_003239_05122019.tstDD_1.05_A1_AC8260_11ac_WLAN2LAN_003240_05122019.tstDD_1.05_A1_AC8260_11ac_WLAN2LAN_003242_05122019.tst
[00:32:58 05122019]  DD_1.05_A1_AC8260_11ac_LAN2WLAN_003238_05122019.tstDD_1.05_A1_AC8260_11ac_LAN2WLAN_003239_05122019.tstDD_1.05_A1_AC8260_11ac_LAN2WLAN_003240_05122019.tstDD_1.05_A1_AC8260_11ac_LAN2WLAN_003242_05122019.tstDD_1.05_A1_AC8260_11ac_LAN2WLAN_003258_05122019.tst
[00:32:58 05122019]  Waiting 1 seconds.
[00:32:59 05122019]  DD_1.05_A1_AC8260_11ac_WLAN2LAN_003238_05122019.tstDD_1.05_A1_AC8260_11ac_WLAN2LAN_003239_05122019.tstDD_1.05_A1_AC8260_11ac_WLAN2LAN_003240_05122019.tstDD_1.05_A1_AC8260_11ac_WLAN2LAN_003242_05122019.tstDD_1.05_A1_AC8260_11ac_WLAN2LAN_003258_05122019.tst
[00:32:59 05122019]  DD_1.05_A1_AC8260_11ac_LAN2WLAN_003238_05122019.tstDD_1.05_A1_AC8260_11ac_LAN2WLAN_003239_05122019.tstDD_1.05_A1_AC8260_11ac_LAN2WLAN_003240_05122019.tstDD_1.05_A1_AC8260_11ac_LAN2WLAN_003242_05122019.tstDD_1.05_A1_AC8260_11ac_LAN2WLAN_003258_05122019.tstDD_1.05_A1_AC8260_11ac_LAN2WLAN_003259_05122019.tst
[00:33:00 05122019]  Waiting 1 seconds.
[00:33:01 05122019]  DD_1.05_A1_AC8260_11ac_WLAN2LAN_003238_05122019.tstDD_1.05_A1_AC8260_11ac_WLAN2LAN_003239_05122019.tstDD_1.05_A1_AC8260_11ac_WLAN2LAN_003240_05122019.tstDD_1.05_A1_AC8260_11ac_WLAN2LAN_003242_05122019.tstDD_1.05_A1_AC8260_11ac_WLAN2LAN_003258_05122019.tstDD_1.05_A1_AC8260_11ac_WLAN2LAN_003259_05122019.tst
[00:33:01 05122019]  DD_1.05_A1_AC8260_11ac_LAN2WLAN_003238_05122019.tstDD_1.05_A1_AC8260_11ac_LAN2WLAN_003239_05122019.tstDD_1.05_A1_AC8260_11ac_LAN2WLAN_003240_05122019.tstDD_1.05_A1_AC8260_11ac_LAN2WLAN_003242_05122019.tstDD_1.05_A1_AC8260_11ac_LAN2WLAN_003258_05122019.tstDD_1.05_A1_AC8260_11ac_LAN2WLAN_003259_05122019.tstDD_1.05_A1_AC8260_11ac_LAN2WLAN_003301_05122019.tst
[00:33:01 05122019]  Waiting 1 seconds.
[00:33:02 05122019]  DD_1.05_A1_AC8260_11ac_WLAN2LAN_003238_05122019.tstDD_1.05_A1_AC8260_11ac_WLAN2LAN_003239_05122019.tstDD_1.05_A1_AC8260_11ac_WLAN2LAN_003240_05122019.tstDD_1.05_A1_AC8260_11ac_WLAN2LAN_003242_05122019.tstDD_1.05_A1_AC8260_11ac_WLAN2LAN_003258_05122019.tstDD_1.05_A1_AC8260_11ac_WLAN2LAN_003259_05122019.tstDD_1.05_A1_AC8260_11ac_WLAN2LAN_003301_05122019.tst
[00:33:02 05122019]  DD_1.05_A1_AC8260_11ac_LAN2WLAN_003238_05122019.tstDD_1.05_A1_AC8260_11ac_LAN2WLAN_003239_05122019.tstDD_1.05_A1_AC8260_11ac_LAN2WLAN_003240_05122019.tstDD_1.05_A1_AC8260_11ac_LAN2WLAN_003242_05122019.tstDD_1.05_A1_AC8260_11ac_LAN2WLAN_003258_05122019.tstDD_1.05_A1_AC8260_11ac_LAN2WLAN_003259_05122019.tstDD_1.05_A1_AC8260_11ac_LAN2WLAN_003301_05122019.tstDD_1.05_A1_AC8260_11ac_LAN2WLAN_003302_05122019.tst
[00:33:02 05122019]  Waiting 1 seconds.
[00:33:03 05122019]  DD_1.05_A1_AC8260_11ac_WLAN2LAN_003238_05122019.tstDD_1.05_A1_AC8260_11ac_WLAN2LAN_003239_05122019.tstDD_1.05_A1_AC8260_11ac_WLAN2LAN_003240_05122019.tstDD_1.05_A1_AC8260_11ac_WLAN2LAN_003242_05122019.tstDD_1.05_A1_AC8260_11ac_WLAN2LAN_003258_05122019.tstDD_1.05_A1_AC8260_11ac_WLAN2LAN_003259_05122019.tstDD_1.05_A1_AC8260_11ac_WLAN2LAN_003301_05122019.tstDD_1.05_A1_AC8260_11ac_WLAN2LAN_003302_05122019.tst
[00:36:27 05122019]  scripts = High_Performance_Throughput.scr
[00:36:27 05122019]  protocols = TCP
[00:36:27 05122019]  chariot_path = C:\Program Files (x86)\Ixia\IxChariot
[00:36:27 05122019]  timeout = 5
[00:36:27 05122019]  test_duration = 10
[00:36:27 05122019]  paircount = 4
[00:36:27 05122019]  dut_modelname = DD
[00:36:27 05122019]  dut_fwver = 1.05
[00:36:27 05122019]  dut_hwver = A1
[00:36:27 05122019]  192.168.1.1 alive
[00:36:27 05122019]  dut_wan_ipaddr = 10.0.0.1
[00:36:27 05122019]  wlan_ep_ipaddr = 192.168.0.101
[00:36:27 05122019]  wan_ep_ipaddr = 10.0.0.2
[00:36:27 05122019]  dut_lan_ipaddr = 192.168.0.1
[00:36:27 05122019]  lan_ep_ipaddr = 192.168.0.102
[00:36:27 05122019]  wlan_modelname = AC8260
[00:36:27 05122019]  thruput_11ac_avg = 500
[00:36:27 05122019]  thruput_11n_avg = 300
[00:36:35 05122019]  DD_1.05_A1_AC8260_11ac_LAN2WLAN_003635_05122019.tst
[00:36:35 05122019]  Waiting 1 seconds.
[00:36:36 05122019]  DD_1.05_A1_AC8260_11ac_WLAN2LAN_003635_05122019.tst
[00:36:36 05122019]  DD_1.05_A1_AC8260_11ac_LAN2WLAN_003635_05122019.tstDD_1.05_A1_AC8260_11ac_LAN2WLAN_003636_05122019.tst
[00:36:36 05122019]  Waiting 1 seconds.
[00:36:37 05122019]  DD_1.05_A1_AC8260_11ac_WLAN2LAN_003635_05122019.tstDD_1.05_A1_AC8260_11ac_WLAN2LAN_003636_05122019.tst
[00:36:37 05122019]  DD_1.05_A1_AC8260_11ac_LAN2WLAN_003635_05122019.tstDD_1.05_A1_AC8260_11ac_LAN2WLAN_003636_05122019.tstDD_1.05_A1_AC8260_11ac_LAN2WLAN_003637_05122019.tst
[00:36:37 05122019]  Waiting 1 seconds.
[00:36:38 05122019]  DD_1.05_A1_AC8260_11ac_WLAN2LAN_003635_05122019.tstDD_1.05_A1_AC8260_11ac_WLAN2LAN_003636_05122019.tstDD_1.05_A1_AC8260_11ac_WLAN2LAN_003637_05122019.tst
[00:36:38 05122019]  DD_1.05_A1_AC8260_11ac_LAN2WLAN_003635_05122019.tstDD_1.05_A1_AC8260_11ac_LAN2WLAN_003636_05122019.tstDD_1.05_A1_AC8260_11ac_LAN2WLAN_003637_05122019.tstDD_1.05_A1_AC8260_11ac_LAN2WLAN_003638_05122019.tst
[00:36:39 05122019]  Waiting 1 seconds.
[00:36:40 05122019]  DD_1.05_A1_AC8260_11ac_WLAN2LAN_003635_05122019.tstDD_1.05_A1_AC8260_11ac_WLAN2LAN_003636_05122019.tstDD_1.05_A1_AC8260_11ac_WLAN2LAN_003637_05122019.tstDD_1.05_A1_AC8260_11ac_WLAN2LAN_003638_05122019.tst
[00:39:58 05122019]  scripts = High_Performance_Throughput.scr
[00:39:59 05122019]  protocols = TCP
[00:39:59 05122019]  chariot_path = C:\Program Files (x86)\Ixia\IxChariot
[00:39:59 05122019]  timeout = 5
[00:39:59 05122019]  test_duration = 10
[00:39:59 05122019]  paircount = 4
[00:39:59 05122019]  dut_modelname = DD
[00:39:59 05122019]  dut_fwver = 1.05
[00:39:59 05122019]  dut_hwver = A1
[00:39:59 05122019]  192.168.1.1 alive
[00:39:59 05122019]  dut_wan_ipaddr = 10.0.0.1
[00:39:59 05122019]  wlan_ep_ipaddr = 192.168.0.101
[00:39:59 05122019]  wan_ep_ipaddr = 10.0.0.2
[00:39:59 05122019]  dut_lan_ipaddr = 192.168.0.1
[00:39:59 05122019]  lan_ep_ipaddr = 192.168.0.102
[00:39:59 05122019]  wlan_modelname = AC8260
[00:39:59 05122019]  thruput_11ac_avg = 500
[00:39:59 05122019]  thruput_11n_avg = 300
[00:40:02 05122019]  DD_1.05_A1_AC8260_11ac_LAN2WLAN_004002_05122019.tst
[00:40:13 05122019]  DD_1.05_A1_AC8260_11ac_LAN2WLAN_004013_05122019.tst
[00:44:57 05122019]  scripts = High_Performance_Throughput.scr
[00:44:57 05122019]  protocols = TCP
[00:44:57 05122019]  chariot_path = C:\Program Files (x86)\Ixia\IxChariot
[00:44:57 05122019]  timeout = 5
[00:44:58 05122019]  test_duration = 10
[00:44:58 05122019]  paircount = 4
[00:44:58 05122019]  dut_modelname = DD
[00:44:58 05122019]  dut_fwver = 1.05
[00:44:58 05122019]  dut_hwver = A1
[00:44:58 05122019]  192.168.1.1 alive
[00:44:58 05122019]  dut_wan_ipaddr = 10.0.0.1
[00:44:58 05122019]  wlan_ep_ipaddr = 192.168.0.101
[00:44:58 05122019]  wan_ep_ipaddr = 10.0.0.2
[00:44:58 05122019]  dut_lan_ipaddr = 192.168.0.1
[00:44:58 05122019]  lan_ep_ipaddr = 192.168.0.102
[00:44:58 05122019]  wlan_modelname = AC8260
[00:44:58 05122019]  thruput_11ac_avg = 500
[00:44:58 05122019]  thruput_11n_avg = 300
[00:45:00 05122019]  DD_1.05_A1_AC8260_11ac_LAN2WLAN_004500_05122019.tst
[00:45:00 05122019]  Waiting 1 seconds.
[00:45:01 05122019]  DD_1.05_A1_AC8260_11ac_WLAN2LAN_004500_05122019.tst
[00:45:01 05122019]  DD_1.05_A1_AC8260_11ac_LAN2WLAN_004501_05122019.tst
[00:45:01 05122019]  Waiting 1 seconds.
[00:45:02 05122019]  DD_1.05_A1_AC8260_11ac_WLAN2LAN_004501_05122019.tst
[00:45:02 05122019]  DD_1.05_A1_AC8260_11ac_LAN2WLAN_004502_05122019.tst
[00:45:02 05122019]  Waiting 1 seconds.
[00:45:03 05122019]  DD_1.05_A1_AC8260_11ac_WLAN2LAN_004502_05122019.tst
[00:45:03 05122019]  DD_1.05_A1_AC8260_11ac_LAN2WLAN_004503_05122019.tst
[00:45:03 05122019]  Waiting 1 seconds.
[00:45:05 05122019]  DD_1.05_A1_AC8260_11ac_WLAN2LAN_004503_05122019.tst
[00:45:10 05122019]  DD_1.05_A1_AC8260_11ac_LAN2WLAN_004510_05122019.tst
[00:45:10 05122019]  Waiting 1 seconds.
[00:45:12 05122019]  DD_1.05_A1_AC8260_11ac_WLAN2LAN_004510_05122019.tst
[00:45:12 05122019]  DD_1.05_A1_AC8260_11ac_LAN2WLAN_004512_05122019.tst
[00:45:12 05122019]  Waiting 1 seconds.
[00:45:13 05122019]  DD_1.05_A1_AC8260_11ac_WLAN2LAN_004512_05122019.tst
[00:45:13 05122019]  DD_1.05_A1_AC8260_11ac_LAN2WLAN_004513_05122019.tst
[00:45:13 05122019]  Waiting 1 seconds.
[00:45:14 05122019]  DD_1.05_A1_AC8260_11ac_WLAN2LAN_004513_05122019.tst
[00:45:14 05122019]  DD_1.05_A1_AC8260_11ac_LAN2WLAN_004514_05122019.tst
[00:45:14 05122019]  Waiting 1 seconds.
[00:45:15 05122019]  DD_1.05_A1_AC8260_11ac_WLAN2LAN_004514_05122019.tst
[00:45:45 05122019]  DD_1.05_A1_AC8260_11ac_LAN2WLAN_004545_05122019.tst
[00:45:45 05122019]  Waiting 1 seconds.
[00:45:46 05122019]  DD_1.05_A1_AC8260_11ac_WLAN2LAN_004545_05122019.tst
[00:45:46 05122019]  DD_1.05_A1_AC8260_11ac_LAN2WLAN_004546_05122019.tst
[00:45:46 05122019]  Waiting 1 seconds.
[00:45:47 05122019]  DD_1.05_A1_AC8260_11ac_WLAN2LAN_004546_05122019.tst
[00:45:47 05122019]  DD_1.05_A1_AC8260_11ac_LAN2WLAN_004547_05122019.tst
[00:45:47 05122019]  Waiting 1 seconds.
[00:45:48 05122019]  DD_1.05_A1_AC8260_11ac_WLAN2LAN_004547_05122019.tst
[00:45:48 05122019]  DD_1.05_A1_AC8260_11ac_LAN2WLAN_004548_05122019.tst
[00:45:48 05122019]  Waiting 1 seconds.
[00:45:49 05122019]  DD_1.05_A1_AC8260_11ac_WLAN2LAN_004548_05122019.tst
[00:46:03 05122019]  DD_1.05_A1_AC8260_11ac_LAN2WLAN_004603_05122019.tst
[00:46:03 05122019]  Waiting 1 seconds.
[00:46:04 05122019]  DD_1.05_A1_AC8260_11ac_WLAN2LAN_004603_05122019.tst
[00:46:04 05122019]  DD_1.05_A1_AC8260_11ac_LAN2WLAN_004604_05122019.tst
[00:46:04 05122019]  Waiting 1 seconds.
[00:46:05 05122019]  DD_1.05_A1_AC8260_11ac_WLAN2LAN_004604_05122019.tst
[00:46:05 05122019]  DD_1.05_A1_AC8260_11ac_LAN2WLAN_004605_05122019.tst
[00:46:06 05122019]  Waiting 1 seconds.
[00:46:07 05122019]  DD_1.05_A1_AC8260_11ac_WLAN2LAN_004605_05122019.tst
[00:46:07 05122019]  DD_1.05_A1_AC8260_11ac_LAN2WLAN_004607_05122019.tst
[00:46:07 05122019]  Waiting 1 seconds.
[00:46:08 05122019]  DD_1.05_A1_AC8260_11ac_WLAN2LAN_004607_05122019.tst
[00:52:38 05122019]  scripts = High_Performance_Throughput.scr
[00:52:38 05122019]  protocols = TCP
[00:52:38 05122019]  chariot_path = C:\Program Files (x86)\Ixia\IxChariot
[00:52:38 05122019]  timeout = 5
[00:52:38 05122019]  test_duration = 10
[00:52:38 05122019]  paircount = 4
[00:52:38 05122019]  dut_modelname = DD
[00:52:38 05122019]  dut_fwver = 1.05
[00:52:38 05122019]  dut_hwver = A1
[00:52:39 05122019]  192.168.1.1 alive
[00:52:39 05122019]  dut_wan_ipaddr = 10.0.0.1
[00:52:39 05122019]  wlan_ep_ipaddr = 192.168.0.101
[00:52:39 05122019]  wan_ep_ipaddr = 10.0.0.2
[00:52:39 05122019]  dut_lan_ipaddr = 192.168.0.1
[00:52:39 05122019]  lan_ep_ipaddr = 192.168.0.102
[00:52:39 05122019]  wlan_modelname = AC8260
[00:52:39 05122019]  thruput_11ac_avg = 500
[00:52:39 05122019]  thruput_11n_avg = 300
[00:52:45 05122019]  DD_1.05_A1_AC8260_11ac_LAN2WLAN_005245_05122019.tst
[00:52:45 05122019]  Waiting 1 seconds.
[00:52:47 05122019]  DD_1.05_A1_AC8260_11ac_WLAN2LAN_005245_05122019.tst
[00:52:47 05122019]  DD_1.05_A1_AC8260_11ac_LAN2WLAN_005247_05122019.tst
[00:52:47 05122019]  Waiting 1 seconds.
[00:52:48 05122019]  DD_1.05_A1_AC8260_11ac_WLAN2LAN_005247_05122019.tst
[00:52:48 05122019]  DD_1.05_A1_AC8260_11ac_LAN2WLAN_005248_05122019.tst
[00:52:48 05122019]  Waiting 1 seconds.
[00:52:49 05122019]  DD_1.05_A1_AC8260_11ac_WLAN2LAN_005248_05122019.tst
[00:52:49 05122019]  DD_1.05_A1_AC8260_11ac_LAN2WLAN_005249_05122019.tst
[00:52:49 05122019]  Waiting 1 seconds.
[00:52:50 05122019]  DD_1.05_A1_AC8260_11ac_WLAN2LAN_005249_05122019.tst
[00:52:55 05122019]  DD_1.05_A1_AC8260_11ac_LAN2WLAN_005255_05122019.tst
[00:52:55 05122019]  Waiting 1 seconds.
[00:52:56 05122019]  DD_1.05_A1_AC8260_11ac_WLAN2LAN_005255_05122019.tst
[00:52:56 05122019]  DD_1.05_A1_AC8260_11ac_LAN2WLAN_005256_05122019.tst
[00:52:57 05122019]  Waiting 1 seconds.
[00:52:58 05122019]  DD_1.05_A1_AC8260_11ac_WLAN2LAN_005256_05122019.tst
[00:52:58 05122019]  DD_1.05_A1_AC8260_11ac_LAN2WLAN_005258_05122019.tst
[00:52:58 05122019]  Waiting 1 seconds.
[00:52:59 05122019]  DD_1.05_A1_AC8260_11ac_WLAN2LAN_005258_05122019.tst
[00:52:59 05122019]  DD_1.05_A1_AC8260_11ac_LAN2WLAN_005259_05122019.tst
[00:52:59 05122019]  Waiting 1 seconds.
[00:53:00 05122019]  DD_1.05_A1_AC8260_11ac_WLAN2LAN_005259_05122019.tst
[00:54:01 05122019]  scripts = High_Performance_Throughput.scr
[00:54:01 05122019]  protocols = TCP
[00:54:01 05122019]  chariot_path = C:\Program Files (x86)\Ixia\IxChariot
[00:54:01 05122019]  timeout = 5
[00:54:01 05122019]  test_duration = 10
[00:54:01 05122019]  paircount = 4
[00:54:01 05122019]  dut_modelname = DD
[00:54:02 05122019]  dut_fwver = 1.05
[00:54:02 05122019]  dut_hwver = A1
[00:54:02 05122019]  192.168.1.1 alive
[00:54:02 05122019]  dut_wan_ipaddr = 10.0.0.1
[00:54:02 05122019]  wlan_ep_ipaddr = 192.168.0.101
[00:54:02 05122019]  wan_ep_ipaddr = 10.0.0.2
[00:54:02 05122019]  dut_lan_ipaddr = 192.168.0.1
[00:54:02 05122019]  lan_ep_ipaddr = 192.168.0.102
[00:54:02 05122019]  wlan_modelname = AC8260
[00:54:02 05122019]  thruput_11ac_avg = 500
[00:54:02 05122019]  thruput_11n_avg = 300
[00:54:06 05122019]  DD_1.05_A1_AC8260_11ac_LAN2WLAN_005406_05122019.tst
[00:54:06 05122019]  Waiting 1 seconds.
[00:54:07 05122019]  DD_1.05_A1_AC8260_11ac_WLAN2LAN_005406_05122019.tst
[00:54:07 05122019]  DD_1.05_A1_AC8260_11ac_LAN2WLAN_005407_05122019.tst
[00:54:07 05122019]  Waiting 1 seconds.
[00:54:08 05122019]  DD_1.05_A1_AC8260_11ac_WLAN2LAN_005407_05122019.tst
[00:54:08 05122019]  DD_1.05_A1_AC8260_11ac_LAN2WLAN_005408_05122019.tst
[00:54:08 05122019]  Waiting 1 seconds.
[00:54:09 05122019]  DD_1.05_A1_AC8260_11ac_WLAN2LAN_005408_05122019.tst
[00:54:09 05122019]  DD_1.05_A1_AC8260_11ac_LAN2WLAN_005409_05122019.tst
[00:54:09 05122019]  Waiting 1 seconds.
[00:54:10 05122019]  DD_1.05_A1_AC8260_11ac_WLAN2LAN_005409_05122019.tst
[00:54:24 05122019]  DD_1.05_A1_AC8260_11ac_LAN2WLAN_005424_05122019.tst
[00:54:24 05122019]  Waiting 1 seconds.
[00:54:25 05122019]  DD_1.05_A1_AC8260_11ac_WLAN2LAN_005424_05122019.tst
[00:54:25 05122019]  DD_1.05_A1_AC8260_11ac_LAN2WLAN_005425_05122019.tst
[00:54:25 05122019]  Waiting 1 seconds.
[00:54:26 05122019]  DD_1.05_A1_AC8260_11ac_WLAN2LAN_005425_05122019.tst
[00:54:26 05122019]  DD_1.05_A1_AC8260_11ac_LAN2WLAN_005426_05122019.tst
[00:54:26 05122019]  Waiting 1 seconds.
[00:54:27 05122019]  DD_1.05_A1_AC8260_11ac_WLAN2LAN_005426_05122019.tst
[00:54:27 05122019]  DD_1.05_A1_AC8260_11ac_LAN2WLAN_005427_05122019.tst
[00:54:27 05122019]  Waiting 1 seconds.
[00:54:28 05122019]  DD_1.05_A1_AC8260_11ac_WLAN2LAN_005427_05122019.tst
[00:55:15 05122019]  scripts = High_Performance_Throughput.scr
[00:55:15 05122019]  protocols = TCP
[00:55:15 05122019]  chariot_path = C:\Program Files (x86)\Ixia\IxChariot
[00:55:15 05122019]  timeout = 5
[00:55:15 05122019]  test_duration = 10
[00:55:15 05122019]  paircount = 4
[00:55:15 05122019]  dut_modelname = DD
[00:55:15 05122019]  dut_fwver = 1.05
[00:55:15 05122019]  dut_hwver = A1
[00:55:15 05122019]  192.168.1.1 alive
[00:55:15 05122019]  dut_wan_ipaddr = 10.0.0.1
[00:55:15 05122019]  wlan_ep_ipaddr = 192.168.0.101
[00:55:15 05122019]  wan_ep_ipaddr = 10.0.0.2
[00:55:15 05122019]  dut_lan_ipaddr = 192.168.0.1
[00:55:15 05122019]  lan_ep_ipaddr = 192.168.0.102
[00:55:15 05122019]  wlan_modelname = AC8260
[00:55:15 05122019]  thruput_11ac_avg = 500
[00:55:15 05122019]  thruput_11n_avg = 300
[00:55:18 05122019]  DD_1.05_A1_AC8260_11ac_LAN2WLAN_005518_05122019.tst
[00:55:18 05122019]  Waiting 1 seconds.
[00:55:19 05122019]  DD_1.05_A1_AC8260_11ac_WLAN2LAN_005518_05122019.tst
[00:55:19 05122019]  DD_1.05_A1_AC8260_11ac_LAN2WLAN_005519_05122019.tst
[00:55:19 05122019]  Waiting 1 seconds.
[00:55:20 05122019]  DD_1.05_A1_AC8260_11ac_WLAN2LAN_005519_05122019.tst
[00:55:20 05122019]  DD_1.05_A1_AC8260_11ac_LAN2WLAN_005520_05122019.tst
[00:55:20 05122019]  Waiting 1 seconds.
[00:55:21 05122019]  DD_1.05_A1_AC8260_11ac_WLAN2LAN_005520_05122019.tst
[00:55:21 05122019]  DD_1.05_A1_AC8260_11ac_LAN2WLAN_005521_05122019.tst
[00:55:21 05122019]  Waiting 1 seconds.
[00:55:22 05122019]  DD_1.05_A1_AC8260_11ac_WLAN2LAN_005521_05122019.tst
[00:55:27 05122019]  DD_1.05_A1_AC8260_11ac_LAN2WLAN_005527_05122019.tst
[00:55:27 05122019]  Waiting 1 seconds.
[00:55:28 05122019]  DD_1.05_A1_AC8260_11ac_WLAN2LAN_005527_05122019.tst
[00:55:28 05122019]  DD_1.05_A1_AC8260_11ac_LAN2WLAN_005528_05122019.tst
[00:55:28 05122019]  Waiting 1 seconds.
[00:55:29 05122019]  DD_1.05_A1_AC8260_11ac_WLAN2LAN_005528_05122019.tst
[00:55:29 05122019]  DD_1.05_A1_AC8260_11ac_LAN2WLAN_005529_05122019.tst
[00:55:29 05122019]  Waiting 1 seconds.
[00:55:30 05122019]  DD_1.05_A1_AC8260_11ac_WLAN2LAN_005529_05122019.tst
[00:55:31 05122019]  DD_1.05_A1_AC8260_11ac_LAN2WLAN_005531_05122019.tst
[00:55:31 05122019]  Waiting 1 seconds.
[00:55:32 05122019]  DD_1.05_A1_AC8260_11ac_WLAN2LAN_005531_05122019.tst
[01:01:28 05122019]  scripts = High_Performance_Throughput.scr
[01:01:28 05122019]  protocols = TCP
[01:01:28 05122019]  chariot_path = C:\Program Files (x86)\Ixia\IxChariot
[01:01:28 05122019]  timeout = 5
[01:01:28 05122019]  test_duration = 10
[01:01:28 05122019]  paircount = 4
[01:01:28 05122019]  dut_modelname = DD
[01:01:28 05122019]  dut_fwver = 1.05
[01:01:28 05122019]  dut_hwver = A1
[01:01:28 05122019]  192.168.1.1 alive
[01:01:28 05122019]  dut_wan_ipaddr = 10.0.0.1
[01:01:28 05122019]  wlan_ep_ipaddr = 192.168.0.101
[01:01:28 05122019]  wan_ep_ipaddr = 10.0.0.2
[01:01:28 05122019]  dut_lan_ipaddr = 192.168.0.1
[01:01:28 05122019]  lan_ep_ipaddr = 192.168.0.102
[01:01:28 05122019]  wlan_modelname = AC8260
[01:01:28 05122019]  thruput_11ac_avg = 500
[01:01:28 05122019]  thruput_11n_avg = 300
[01:01:34 05122019]  DD_1.05_A1_AC8260_11ac_LAN2WLAN_4Pair(s)_010134_05122019.tst
[01:01:34 05122019]  Waiting 1 seconds.
[01:01:35 05122019]  DD_1.05_A1_AC8260_11ac_WLAN2LAN_4Pair(s)_010134_05122019.tst
[01:01:35 05122019]  DD_1.05_A1_AC8260_11ac_LAN2WLAN_4Pair(s)_010135_05122019.tst
[01:01:35 05122019]  Waiting 1 seconds.
[01:01:36 05122019]  DD_1.05_A1_AC8260_11ac_WLAN2LAN_4Pair(s)_010135_05122019.tst
[01:01:36 05122019]  DD_1.05_A1_AC8260_11ac_LAN2WLAN_4Pair(s)_010136_05122019.tst
[01:01:36 05122019]  Waiting 1 seconds.
[01:01:37 05122019]  DD_1.05_A1_AC8260_11ac_WLAN2LAN_4Pair(s)_010136_05122019.tst
[01:01:37 05122019]  DD_1.05_A1_AC8260_11ac_LAN2WLAN_4Pair(s)_010137_05122019.tst
[01:01:37 05122019]  Waiting 1 seconds.
[01:01:38 05122019]  DD_1.05_A1_AC8260_11ac_WLAN2LAN_4Pair(s)_010137_05122019.tst
[01:01:40 05122019]  DD_1.05_A1_AC8260_11ac_LAN2WLAN_4Pair(s)_010140_05122019.tst
[01:01:40 05122019]  Waiting 1 seconds.
[01:01:41 05122019]  DD_1.05_A1_AC8260_11ac_WLAN2LAN_4Pair(s)_010140_05122019.tst
[01:01:41 05122019]  DD_1.05_A1_AC8260_11ac_LAN2WLAN_4Pair(s)_010141_05122019.tst
[01:01:42 05122019]  Waiting 1 seconds.
[01:01:43 05122019]  DD_1.05_A1_AC8260_11ac_WLAN2LAN_4Pair(s)_010141_05122019.tst
[01:01:43 05122019]  DD_1.05_A1_AC8260_11ac_LAN2WLAN_4Pair(s)_010143_05122019.tst
[01:01:43 05122019]  Waiting 1 seconds.
[01:01:44 05122019]  DD_1.05_A1_AC8260_11ac_WLAN2LAN_4Pair(s)_010143_05122019.tst
[01:01:44 05122019]  DD_1.05_A1_AC8260_11ac_LAN2WLAN_4Pair(s)_010144_05122019.tst
[01:01:44 05122019]  Waiting 1 seconds.
[01:01:45 05122019]  DD_1.05_A1_AC8260_11ac_WLAN2LAN_4Pair(s)_010144_05122019.tst
[01:01:46 05122019]  DD_1.05_A1_AC8260_11ac_LAN2WLAN_4Pair(s)_010146_05122019.tst
[01:01:46 05122019]  Waiting 1 seconds.
[01:01:47 05122019]  DD_1.05_A1_AC8260_11ac_WLAN2LAN_4Pair(s)_010146_05122019.tst
[01:01:48 05122019]  DD_1.05_A1_AC8260_11ac_LAN2WLAN_4Pair(s)_010148_05122019.tst
[01:01:48 05122019]  Waiting 1 seconds.
[01:01:49 05122019]  DD_1.05_A1_AC8260_11ac_WLAN2LAN_4Pair(s)_010148_05122019.tst
[01:01:49 05122019]  DD_1.05_A1_AC8260_11ac_LAN2WLAN_4Pair(s)_010149_05122019.tst
[01:01:49 05122019]  Waiting 1 seconds.
[01:01:50 05122019]  DD_1.05_A1_AC8260_11ac_WLAN2LAN_4Pair(s)_010149_05122019.tst
[01:01:50 05122019]  DD_1.05_A1_AC8260_11ac_LAN2WLAN_4Pair(s)_010150_05122019.tst
[01:01:50 05122019]  Waiting 1 seconds.
[01:01:51 05122019]  DD_1.05_A1_AC8260_11ac_WLAN2LAN_4Pair(s)_010150_05122019.tst
[01:01:54 05122019]  DD_1.05_A1_AC8260_11ac_LAN2WLAN_4Pair(s)_010154_05122019.tst
[01:01:54 05122019]  Waiting 1 seconds.
[01:01:55 05122019]  DD_1.05_A1_AC8260_11ac_WLAN2LAN_4Pair(s)_010154_05122019.tst
[01:01:55 05122019]  DD_1.05_A1_AC8260_11ac_LAN2WLAN_4Pair(s)_010155_05122019.tst
[01:01:55 05122019]  Waiting 1 seconds.
[01:01:56 05122019]  DD_1.05_A1_AC8260_11ac_WLAN2LAN_4Pair(s)_010155_05122019.tst
[01:01:56 05122019]  DD_1.05_A1_AC8260_11ac_LAN2WLAN_4Pair(s)_010156_05122019.tst
[01:01:57 05122019]  Waiting 1 seconds.
[01:01:58 05122019]  DD_1.05_A1_AC8260_11ac_WLAN2LAN_4Pair(s)_010156_05122019.tst
[01:01:58 05122019]  DD_1.05_A1_AC8260_11ac_LAN2WLAN_4Pair(s)_010158_05122019.tst
[01:01:58 05122019]  Waiting 1 seconds.
[01:01:59 05122019]  DD_1.05_A1_AC8260_11ac_WLAN2LAN_4Pair(s)_010158_05122019.tst
[01:02:00 05122019]  DD_1.05_A1_AC8260_11ac_LAN2WLAN_4Pair(s)_010200_05122019.tst
[01:02:00 05122019]  Waiting 1 seconds.
[01:02:01 05122019]  DD_1.05_A1_AC8260_11ac_WLAN2LAN_4Pair(s)_010200_05122019.tst
[01:02:01 05122019]  DD_1.05_A1_AC8260_11ac_LAN2WLAN_4Pair(s)_010201_05122019.tst
[01:02:01 05122019]  Waiting 1 seconds.
[01:02:02 05122019]  DD_1.05_A1_AC8260_11ac_WLAN2LAN_4Pair(s)_010201_05122019.tst
[01:02:02 05122019]  DD_1.05_A1_AC8260_11ac_LAN2WLAN_4Pair(s)_010202_05122019.tst
[01:02:02 05122019]  Waiting 1 seconds.
[01:02:04 05122019]  DD_1.05_A1_AC8260_11ac_WLAN2LAN_4Pair(s)_010202_05122019.tst
[01:02:04 05122019]  DD_1.05_A1_AC8260_11ac_LAN2WLAN_4Pair(s)_010204_05122019.tst
[01:02:04 05122019]  Waiting 1 seconds.
[01:02:05 05122019]  DD_1.05_A1_AC8260_11ac_WLAN2LAN_4Pair(s)_010204_05122019.tst
[01:02:08 05122019]  DD_1.05_A1_AC8260_11ac_LAN2WLAN_4Pair(s)_010208_05122019.tst
[01:02:08 05122019]  Waiting 1 seconds.
[01:02:10 05122019]  DD_1.05_A1_AC8260_11ac_WLAN2LAN_4Pair(s)_010208_05122019.tst
[01:02:10 05122019]  DD_1.05_A1_AC8260_11ac_LAN2WLAN_4Pair(s)_010210_05122019.tst
[01:02:10 05122019]  Waiting 1 seconds.
[01:02:11 05122019]  DD_1.05_A1_AC8260_11ac_WLAN2LAN_4Pair(s)_010210_05122019.tst
[01:02:11 05122019]  DD_1.05_A1_AC8260_11ac_LAN2WLAN_4Pair(s)_010211_05122019.tst
[01:02:11 05122019]  Waiting 1 seconds.
[01:02:12 05122019]  DD_1.05_A1_AC8260_11ac_WLAN2LAN_4Pair(s)_010211_05122019.tst
[01:02:12 05122019]  DD_1.05_A1_AC8260_11ac_LAN2WLAN_4Pair(s)_010212_05122019.tst
[01:02:12 05122019]  Waiting 1 seconds.
[01:02:13 05122019]  DD_1.05_A1_AC8260_11ac_WLAN2LAN_4Pair(s)_010212_05122019.tst
[01:02:17 05122019]  DD_1.05_A1_AC8260_11ac_LAN2WLAN_4Pair(s)_010217_05122019.tst
[01:02:17 05122019]  Waiting 1 seconds.
[01:02:18 05122019]  DD_1.05_A1_AC8260_11ac_WLAN2LAN_4Pair(s)_010217_05122019.tst
[01:02:18 05122019]  DD_1.05_A1_AC8260_11ac_LAN2WLAN_4Pair(s)_010218_05122019.tst
[01:02:18 05122019]  Waiting 1 seconds.
[01:02:19 05122019]  DD_1.05_A1_AC8260_11ac_WLAN2LAN_4Pair(s)_010218_05122019.tst
[01:02:19 05122019]  DD_1.05_A1_AC8260_11ac_LAN2WLAN_4Pair(s)_010219_05122019.tst
[01:02:19 05122019]  Waiting 1 seconds.
[01:02:20 05122019]  DD_1.05_A1_AC8260_11ac_WLAN2LAN_4Pair(s)_010219_05122019.tst
[01:02:20 05122019]  DD_1.05_A1_AC8260_11ac_LAN2WLAN_4Pair(s)_010220_05122019.tst
[01:02:20 05122019]  Waiting 1 seconds.
[01:02:21 05122019]  DD_1.05_A1_AC8260_11ac_WLAN2LAN_4Pair(s)_010220_05122019.tst
[01:02:23 05122019]  DD_1.05_A1_AC8260_11ac_LAN2WLAN_4Pair(s)_010223_05122019.tst
[01:02:23 05122019]  Waiting 1 seconds.
[01:02:24 05122019]  DD_1.05_A1_AC8260_11ac_WLAN2LAN_4Pair(s)_010223_05122019.tst
[01:02:24 05122019]  DD_1.05_A1_AC8260_11ac_LAN2WLAN_4Pair(s)_010224_05122019.tst
[01:02:24 05122019]  Waiting 1 seconds.
[01:02:25 05122019]  DD_1.05_A1_AC8260_11ac_WLAN2LAN_4Pair(s)_010224_05122019.tst
[01:02:25 05122019]  DD_1.05_A1_AC8260_11ac_LAN2WLAN_4Pair(s)_010225_05122019.tst
[01:02:25 05122019]  Waiting 1 seconds.
[01:02:26 05122019]  DD_1.05_A1_AC8260_11ac_WLAN2LAN_4Pair(s)_010225_05122019.tst
[01:02:26 05122019]  DD_1.05_A1_AC8260_11ac_LAN2WLAN_4Pair(s)_010226_05122019.tst
[01:02:27 05122019]  Waiting 1 seconds.
[01:02:28 05122019]  DD_1.05_A1_AC8260_11ac_WLAN2LAN_4Pair(s)_010226_05122019.tst
[01:04:02 05122019]  scripts = High_Performance_Throughput.scr
[01:04:02 05122019]  protocols = TCP
[01:04:02 05122019]  chariot_path = C:\Program Files (x86)\Ixia\IxChariot
[01:04:02 05122019]  timeout = 5
[01:04:03 05122019]  test_duration = 10
[01:04:03 05122019]  paircount = 4
[01:04:03 05122019]  dut_modelname = DD
[01:04:03 05122019]  dut_fwver = 1.05
[01:04:03 05122019]  dut_hwver = A1
[01:04:03 05122019]  192.168.1.1 alive
[01:04:03 05122019]  dut_wan_ipaddr = 10.0.0.1
[01:04:03 05122019]  wlan_ep_ipaddr = 192.168.0.101
[01:04:03 05122019]  wan_ep_ipaddr = 10.0.0.2
[01:04:03 05122019]  dut_lan_ipaddr = 192.168.0.1
[01:04:03 05122019]  lan_ep_ipaddr = 192.168.0.102
[01:04:03 05122019]  wlan_modelname = AC8260
[01:04:03 05122019]  thruput_11ac_avg = 500
[01:04:03 05122019]  thruput_11n_avg = 300
[01:04:49 05122019]  scripts = High_Performance_Throughput.scr
[01:04:49 05122019]  protocols = TCP
[01:04:49 05122019]  chariot_path = C:\Program Files (x86)\Ixia\IxChariot
[01:04:49 05122019]  timeout = 5
[01:04:49 05122019]  test_duration = 10
[01:04:49 05122019]  paircount = 4
[01:04:49 05122019]  dut_modelname = DD
[01:04:49 05122019]  dut_fwver = 1.05
[01:04:49 05122019]  dut_hwver = A1
[01:04:49 05122019]  192.168.1.1 alive
[01:04:49 05122019]  dut_wan_ipaddr = 10.0.0.1
[01:04:49 05122019]  wlan_ep_ipaddr = 192.168.0.101
[01:04:49 05122019]  wan_ep_ipaddr = 10.0.0.2
[01:04:49 05122019]  dut_lan_ipaddr = 192.168.0.1
[01:04:49 05122019]  lan_ep_ipaddr = 192.168.0.102
[01:04:49 05122019]  wlan_modelname = AC8260
[01:04:49 05122019]  thruput_11ac_avg = 500
[01:04:49 05122019]  thruput_11n_avg = 300
[01:04:52 05122019]  DD_1.05_A1_AC8260_11ac_LAN2WLAN_4Pair(s)_010452_05122019.tst
[01:04:52 05122019]  Waiting 1 seconds.
[01:04:53 05122019]  DD_1.05_A1_AC8260_11ac_WLAN2LAN_4Pair(s)_010452_05122019.tst
[01:04:53 05122019]  DD_1.05_A1_AC8260_11ac_LAN2WLAN_4Pair(s)_010453_05122019.tst
[01:04:53 05122019]  Waiting 1 seconds.
[01:04:54 05122019]  DD_1.05_A1_AC8260_11ac_WLAN2LAN_4Pair(s)_010453_05122019.tst
[01:04:54 05122019]  DD_1.05_A1_AC8260_11ac_LAN2WLAN_4Pair(s)_010454_05122019.tst
[01:04:54 05122019]  Waiting 1 seconds.
[01:04:55 05122019]  DD_1.05_A1_AC8260_11ac_WLAN2LAN_4Pair(s)_010454_05122019.tst
[01:04:55 05122019]  DD_1.05_A1_AC8260_11ac_LAN2WLAN_4Pair(s)_010455_05122019.tst
[01:04:55 05122019]  Waiting 1 seconds.
[01:04:56 05122019]  DD_1.05_A1_AC8260_11ac_WLAN2LAN_4Pair(s)_010455_05122019.tst
[01:05:01 05122019]  DD_1.05_A1_AC8260_11ac_LAN2WLAN_4Pair(s)_010501_05122019.tst
[01:05:01 05122019]  Waiting 1 seconds.
[01:05:02 05122019]  DD_1.05_A1_AC8260_11ac_WLAN2LAN_4Pair(s)_010501_05122019.tst
[01:05:02 05122019]  DD_1.05_A1_AC8260_11ac_LAN2WLAN_4Pair(s)_010502_05122019.tst
[01:05:02 05122019]  Waiting 1 seconds.
[01:05:03 05122019]  DD_1.05_A1_AC8260_11ac_WLAN2LAN_4Pair(s)_010502_05122019.tst
[01:05:03 05122019]  DD_1.05_A1_AC8260_11ac_LAN2WLAN_4Pair(s)_010503_05122019.tst
[01:05:03 05122019]  Waiting 1 seconds.
[01:05:04 05122019]  DD_1.05_A1_AC8260_11ac_WLAN2LAN_4Pair(s)_010503_05122019.tst
[01:05:04 05122019]  DD_1.05_A1_AC8260_11ac_LAN2WLAN_4Pair(s)_010504_05122019.tst
[01:05:04 05122019]  Waiting 1 seconds.
[01:05:05 05122019]  DD_1.05_A1_AC8260_11ac_WLAN2LAN_4Pair(s)_010504_05122019.tst
[01:06:12 05122019]  scripts = High_Performance_Throughput.scr
[01:06:12 05122019]  protocols = TCP
[01:06:12 05122019]  chariot_path = C:\Program Files (x86)\Ixia\IxChariot
[01:06:12 05122019]  timeout = 5
[01:06:12 05122019]  test_duration = 10
[01:06:12 05122019]  paircount = 4
[01:06:13 05122019]  dut_modelname = DD
[01:06:13 05122019]  dut_fwver = 1.05
[01:06:13 05122019]  dut_hwver = A1
[01:06:13 05122019]  192.168.1.1 alive
[01:06:13 05122019]  dut_wan_ipaddr = 10.0.0.1
[01:06:13 05122019]  wlan_ep_ipaddr = 192.168.0.101
[01:06:13 05122019]  wan_ep_ipaddr = 10.0.0.2
[01:06:13 05122019]  dut_lan_ipaddr = 192.168.0.1
[01:06:13 05122019]  lan_ep_ipaddr = 192.168.0.102
[01:06:13 05122019]  wlan_modelname = AC8260
[01:06:13 05122019]  thruput_11ac_avg = 500
[01:06:13 05122019]  thruput_11n_avg = 300
[01:06:15 05122019]  DD_1.05_A1_AC8260_11ac_LAN2WLAN_4Pair(s)_010615_05122019.tst
[01:06:15 05122019]  Waiting 1 seconds.
[01:06:16 05122019]  DD_1.05_A1_AC8260_11ac_WLAN2LAN_4Pair(s)_010615_05122019.tst
[01:06:16 05122019]  DD_1.05_A1_AC8260_11ac_LAN2WLAN_4Pair(s)_010616_05122019.tst
[01:06:16 05122019]  Waiting 1 seconds.
[01:06:18 05122019]  DD_1.05_A1_AC8260_11ac_WLAN2LAN_4Pair(s)_010616_05122019.tst
[01:06:18 05122019]  DD_1.05_A1_AC8260_11ac_LAN2WLAN_4Pair(s)_010618_05122019.tst
[01:06:18 05122019]  Waiting 1 seconds.
[01:06:19 05122019]  DD_1.05_A1_AC8260_11ac_WLAN2LAN_4Pair(s)_010618_05122019.tst
[01:06:19 05122019]  DD_1.05_A1_AC8260_11ac_LAN2WLAN_4Pair(s)_010619_05122019.tst
[01:06:19 05122019]  Waiting 1 seconds.
[01:06:20 05122019]  DD_1.05_A1_AC8260_11ac_WLAN2LAN_4Pair(s)_010619_05122019.tst
[01:06:24 05122019]  DD_1.05_A1_AC8260_11ac_LAN2WLAN_4Pair(s)_010624_05122019.tst
[01:06:24 05122019]  Waiting 1 seconds.
[01:06:25 05122019]  DD_1.05_A1_AC8260_11ac_WLAN2LAN_4Pair(s)_010624_05122019.tst
[01:06:25 05122019]  DD_1.05_A1_AC8260_11ac_LAN2WLAN_4Pair(s)_010625_05122019.tst
[01:06:25 05122019]  Waiting 1 seconds.
[01:06:26 05122019]  DD_1.05_A1_AC8260_11ac_WLAN2LAN_4Pair(s)_010625_05122019.tst
[01:06:26 05122019]  DD_1.05_A1_AC8260_11ac_LAN2WLAN_4Pair(s)_010626_05122019.tst
[01:06:26 05122019]  Waiting 1 seconds.
[01:06:27 05122019]  DD_1.05_A1_AC8260_11ac_WLAN2LAN_4Pair(s)_010626_05122019.tst
[01:06:28 05122019]  DD_1.05_A1_AC8260_11ac_LAN2WLAN_4Pair(s)_010628_05122019.tst
[01:06:28 05122019]  Waiting 1 seconds.
[01:06:29 05122019]  DD_1.05_A1_AC8260_11ac_WLAN2LAN_4Pair(s)_010628_05122019.tst
[01:07:05 05122019]  scripts = High_Performance_Throughput.scr
[01:07:05 05122019]  protocols = TCP
[01:07:05 05122019]  chariot_path = C:\Program Files (x86)\Ixia\IxChariot
[01:07:05 05122019]  timeout = 5
[01:07:05 05122019]  test_duration = 10
[01:07:05 05122019]  paircount = 4
[01:07:05 05122019]  dut_modelname = DD
[01:07:05 05122019]  dut_fwver = 1.05
[01:07:05 05122019]  dut_hwver = A1
[01:07:05 05122019]  192.168.1.1 alive
[01:07:05 05122019]  dut_wan_ipaddr = 10.0.0.1
[01:07:05 05122019]  wlan_ep_ipaddr = 192.168.0.101
[01:07:05 05122019]  wan_ep_ipaddr = 10.0.0.2
[01:07:05 05122019]  dut_lan_ipaddr = 192.168.0.1
[01:07:05 05122019]  lan_ep_ipaddr = 192.168.0.102
[01:07:05 05122019]  wlan_modelname = AC8260
[01:07:05 05122019]  thruput_11ac_avg = 500
[01:07:05 05122019]  thruput_11n_avg = 300
[01:07:09 05122019]  DD_1.05_A1_AC8260_11ac_LAN2WLAN_4Pair(s)_010709_05122019.tst
[01:07:09 05122019]  Waiting 1 seconds.
[01:07:10 05122019]  DD_1.05_A1_AC8260_11ac_WLAN2LAN_4Pair(s)_010709_05122019.tst
[01:07:10 05122019]  DD_1.05_A1_AC8260_11ac_LAN2WLAN_4Pair(s)_010710_05122019.tst
[01:07:10 05122019]  Waiting 1 seconds.
[01:07:11 05122019]  DD_1.05_A1_AC8260_11ac_WLAN2LAN_4Pair(s)_010710_05122019.tst
[01:07:11 05122019]  DD_1.05_A1_AC8260_11ac_LAN2WLAN_4Pair(s)_010711_05122019.tst
[01:07:11 05122019]  Waiting 1 seconds.
[01:07:12 05122019]  DD_1.05_A1_AC8260_11ac_WLAN2LAN_4Pair(s)_010711_05122019.tst
[01:07:12 05122019]  DD_1.05_A1_AC8260_11ac_LAN2WLAN_4Pair(s)_010712_05122019.tst
[01:07:12 05122019]  Waiting 1 seconds.
[01:07:14 05122019]  DD_1.05_A1_AC8260_11ac_WLAN2LAN_4Pair(s)_010712_05122019.tst
[01:07:16 05122019]  DD_1.05_A1_AC8260_11ac_LAN2WLAN_4Pair(s)_010716_05122019.tst
[01:07:16 05122019]  Waiting 1 seconds.
[01:07:17 05122019]  DD_1.05_A1_AC8260_11ac_WLAN2LAN_4Pair(s)_010716_05122019.tst
[01:07:17 05122019]  DD_1.05_A1_AC8260_11ac_LAN2WLAN_4Pair(s)_010717_05122019.tst
[01:07:17 05122019]  Waiting 1 seconds.
[01:07:18 05122019]  DD_1.05_A1_AC8260_11ac_WLAN2LAN_4Pair(s)_010717_05122019.tst
[01:07:18 05122019]  DD_1.05_A1_AC8260_11ac_LAN2WLAN_4Pair(s)_010718_05122019.tst
[01:07:18 05122019]  Waiting 1 seconds.
[01:07:19 05122019]  DD_1.05_A1_AC8260_11ac_WLAN2LAN_4Pair(s)_010718_05122019.tst
[01:07:19 05122019]  DD_1.05_A1_AC8260_11ac_LAN2WLAN_4Pair(s)_010719_05122019.tst
[01:07:19 05122019]  Waiting 1 seconds.
[01:07:53 05122019]  scripts = High_Performance_Throughput.scr
[01:07:53 05122019]  protocols = TCP
[01:07:53 05122019]  chariot_path = C:\Program Files (x86)\Ixia\IxChariot
[01:07:53 05122019]  timeout = 5
[01:07:53 05122019]  test_duration = 10
[01:07:53 05122019]  paircount = 4
[01:07:54 05122019]  dut_modelname = DD
[01:07:54 05122019]  dut_fwver = 1.05
[01:07:54 05122019]  dut_hwver = A1
[01:07:54 05122019]  192.168.1.1 alive
[01:07:54 05122019]  dut_wan_ipaddr = 10.0.0.1
[01:07:54 05122019]  wlan_ep_ipaddr = 192.168.0.101
[01:07:54 05122019]  wan_ep_ipaddr = 10.0.0.2
[01:07:54 05122019]  dut_lan_ipaddr = 192.168.0.1
[01:07:54 05122019]  lan_ep_ipaddr = 192.168.0.102
[01:07:54 05122019]  wlan_modelname = AC8260
[01:07:54 05122019]  thruput_11ac_avg = 500
[01:07:54 05122019]  thruput_11n_avg = 300
[01:07:56 05122019]  DD_1.05_A1_AC8260_11ac_LAN2WLAN_4Pair(s)_010756_05122019.tst
[01:07:56 05122019]  Waiting 1 seconds.
[01:07:57 05122019]  DD_1.05_A1_AC8260_11ac_WLAN2LAN_4Pair(s)_010756_05122019.tst
[01:07:57 05122019]  DD_1.05_A1_AC8260_11ac_LAN2WLAN_4Pair(s)_010757_05122019.tst
[01:07:57 05122019]  Waiting 1 seconds.
[01:07:58 05122019]  DD_1.05_A1_AC8260_11ac_WLAN2LAN_4Pair(s)_010757_05122019.tst
[01:07:58 05122019]  DD_1.05_A1_AC8260_11ac_LAN2WLAN_4Pair(s)_010758_05122019.tst
[01:07:58 05122019]  Waiting 1 seconds.
[01:08:01 05122019]  DD_1.05_A1_AC8260_11ac_WLAN2LAN_4Pair(s)_010758_05122019.tst
[01:08:01 05122019]  DD_1.05_A1_AC8260_11ac_LAN2WLAN_4Pair(s)_010801_05122019.tst
[01:08:01 05122019]  Waiting 1 seconds.
[01:08:02 05122019]  DD_1.05_A1_AC8260_11ac_WLAN2LAN_4Pair(s)_010801_05122019.tst
[01:08:27 05122019]  scripts = High_Performance_Throughput.scr
[01:08:27 05122019]  protocols = TCP
[01:08:27 05122019]  chariot_path = C:\Program Files (x86)\Ixia\IxChariot
[01:08:27 05122019]  timeout = 5
[01:08:27 05122019]  test_duration = 10
[01:08:27 05122019]  paircount = 5
[01:08:27 05122019]  dut_modelname = DD
[01:08:27 05122019]  dut_fwver = 1.05
[01:08:27 05122019]  dut_hwver = A1
[01:08:27 05122019]  192.168.1.1 alive
[01:08:27 05122019]  dut_wan_ipaddr = 10.0.0.1
[01:08:27 05122019]  wlan_ep_ipaddr = 192.168.0.101
[01:08:27 05122019]  wan_ep_ipaddr = 10.0.0.2
[01:08:27 05122019]  dut_lan_ipaddr = 192.168.0.1
[01:08:27 05122019]  lan_ep_ipaddr = 192.168.0.102
[01:08:27 05122019]  wlan_modelname = AC8260
[01:08:27 05122019]  thruput_11ac_avg = 500
[01:08:27 05122019]  thruput_11n_avg = 300
[01:08:30 05122019]  DD_1.05_A1_AC8260_11ac_LAN2WLAN_5Pair(s)_010830_05122019.tst
[01:08:30 05122019]  Waiting 1 seconds.
[01:08:31 05122019]  DD_1.05_A1_AC8260_11ac_WLAN2LAN_5Pair(s)_010830_05122019.tst
[01:08:31 05122019]  DD_1.05_A1_AC8260_11ac_LAN2WLAN_5Pair(s)_010831_05122019.tst
[01:08:31 05122019]  Waiting 1 seconds.
[01:08:32 05122019]  DD_1.05_A1_AC8260_11ac_WLAN2LAN_5Pair(s)_010831_05122019.tst
[01:08:32 05122019]  DD_1.05_A1_AC8260_11ac_LAN2WLAN_5Pair(s)_010832_05122019.tst
[01:08:32 05122019]  Waiting 1 seconds.
[01:08:33 05122019]  DD_1.05_A1_AC8260_11ac_WLAN2LAN_5Pair(s)_010832_05122019.tst
[01:08:33 05122019]  DD_1.05_A1_AC8260_11ac_LAN2WLAN_5Pair(s)_010833_05122019.tst
[01:08:33 05122019]  Waiting 1 seconds.
[01:08:34 05122019]  DD_1.05_A1_AC8260_11ac_WLAN2LAN_5Pair(s)_010833_05122019.tst
[01:08:34 05122019]  DD_1.05_A1_AC8260_11ac_LAN2WLAN_5Pair(s)_010834_05122019.tst
[01:08:34 05122019]  Waiting 1 seconds.
[01:08:36 05122019]  DD_1.05_A1_AC8260_11ac_WLAN2LAN_5Pair(s)_010834_05122019.tst
[01:08:47 05122019]  DD_1.05_A1_AC8260_11ac_LAN2WLAN_5Pair(s)_010847_05122019.tst
[01:08:47 05122019]  Waiting 1 seconds.
[01:08:48 05122019]  DD_1.05_A1_AC8260_11ac_WLAN2LAN_5Pair(s)_010847_05122019.tst
[01:08:48 05122019]  DD_1.05_A1_AC8260_11ac_LAN2WLAN_5Pair(s)_010848_05122019.tst
[01:08:48 05122019]  Waiting 1 seconds.
[01:08:49 05122019]  DD_1.05_A1_AC8260_11ac_WLAN2LAN_5Pair(s)_010848_05122019.tst
[01:08:49 05122019]  DD_1.05_A1_AC8260_11ac_LAN2WLAN_5Pair(s)_010849_05122019.tst
[01:08:49 05122019]  Waiting 1 seconds.
[01:08:51 05122019]  DD_1.05_A1_AC8260_11ac_WLAN2LAN_5Pair(s)_010849_05122019.tst
[01:08:51 05122019]  DD_1.05_A1_AC8260_11ac_LAN2WLAN_5Pair(s)_010851_05122019.tst
[01:08:51 05122019]  Waiting 1 seconds.
[01:08:52 05122019]  DD_1.05_A1_AC8260_11ac_WLAN2LAN_5Pair(s)_010851_05122019.tst
[01:08:52 05122019]  DD_1.05_A1_AC8260_11ac_LAN2WLAN_5Pair(s)_010852_05122019.tst
[01:08:52 05122019]  Waiting 1 seconds.
[01:08:53 05122019]  DD_1.05_A1_AC8260_11ac_WLAN2LAN_5Pair(s)_010852_05122019.tst
